*** Using Compiler 'V5.06 update 6 (build 750)', folder: 'C:\Keil_v5\ARM\ARMCC\Bin'
Build target 'standard_tpye_c'
assembling startup_stm32f407xx.s...
compiling rtc.c...
compiling sys.c...
compiling gpio.c...
compiling adc.c...
compiling bsp_imu_pwm.c...
compiling i2c.c...
compiling bsp_fric.c...
compiling tim.c...
compiling bsp_i2c.c...
compiling bsp_delay.c...
compiling freertos.c...
compiling bsp_adc.c...
compiling system_stm32f4xx.c...
compiling bsp_laser.c...
compiling stm32f4xx_hal_msp.c...
compiling usbd_cdc_if.c...
compiling usbd_desc.c...
compiling crc.c...
compiling can.c...
compiling bsp_can.c...
compiling spi.c...
compiling bsp_flash.c...
compiling bsp_buzzer.c...
compiling bsp_led.c...
compiling main.c...
compiling rng.c...
compiling bsp_crc32.c...
compiling usart.c...
compiling usbd_conf.c...
compiling dma.c...
compiling usb_device.c...
compiling stm32f4xx_it.c...
compiling detect_task.c...
compiling ist8310driver.c...
compiling bsp_rc.c...
compiling user_lib.c...
compiling bsp_rng.c...
compiling bsp_spi.c...
compiling bsp_usart.c...
compiling bsp_servo_pwm.c...
compiling kalman.c...
compiling CANdata_analysis.c...
compiling calibrate_task.c...
compiling referee.c...
..\application\referee.c(167): warning:  #111-D: statement is unreachable
          break;
..\application\referee.c: 1 warning, 0 errors
compiling chassis_behaviour.c...
..\application\chassis_behaviour.c(130): error:  #70: incomplete type is not allowed
  static void chassis_no_m ove_control(fp32 *vx_set, fp32 *vy_set, fp32 *wz_set, chassis_move_t *chassis_move_rc_to_vector);
..\application\chassis_behaviour.c(130): error:  #65: expected a ";"
  static void chassis_no_m ove_control(fp32 *vx_set, fp32 *vy_set, fp32 *wz_set, chassis_move_t *chassis_move_rc_to_vector);
..\application\chassis_behaviour.c(341): warning:  #223-D: function "chassis_no_move_control" declared implicitly
          chassis_no_move_control(vx_set, vy_set, angle_set, chassis_move_rc_to_vector);
..\application\chassis_behaviour.c(411): error:  #159: declaration is incompatible with previous "chassis_no_move_control"  (declared at line 341)
  static void chassis_no_move_control(fp32 *vx_set, fp32 *vy_set, fp32 *wz_set, chassis_move_t *chassis_move_rc_to_vector)
..\application\chassis_behaviour.c(411): warning:  #177-D: function "chassis_no_move_control"  was declared but never referenced
  static void chassis_no_move_control(fp32 *vx_set, fp32 *vy_set, fp32 *wz_set, chassis_move_t *chassis_move_rc_to_vector)
..\application\chassis_behaviour.c: 2 warnings, 3 errors
compiling chassis_power_control.c...
..\application\chassis_power_control.c(152): warning:  #177-D: variable "chassis_power"  was declared but never referenced
  	fp32 chassis_power = 0.0f;
..\application\chassis_power_control.c(153): warning:  #177-D: variable "chassis_power_buffer"  was declared but never referenced
  	fp32 chassis_power_buffer = 0.0f;
..\application\chassis_power_control.c: 2 warnings, 0 errors
compiling oled_task.c...
compiling led_flow_task.c...
compiling BMI088driver.c...
compiling OLED.c...
compiling voltage_task.c...
compiling usb_task.c...
compiling remote_control.c...
compiling CAN_receive.c...
..\application\CAN_receive.c(155): warning:  #1035-D: single-precision operand implicitly converted to double-precision
  		   if(yaw_motor[1].para.pos>=6.25&&yaw_motor[1].para.pos<=12.5)
..\application\CAN_receive.c(155): warning:  #1035-D: single-precision operand implicitly converted to double-precision
  		   if(yaw_motor[1].para.pos>=6.25&&yaw_motor[1].para.pos<=12.5)
..\application\CAN_receive.c(156): warning:  #1035-D: single-precision operand implicitly converted to double-precision
                 yaw_motor[1].para.pos-=6.25;
..\application\CAN_receive.c(158): warning:  #1035-D: single-precision operand implicitly converted to double-precision
                 yaw_motor[1].para.pos+=6.25;
..\application\CAN_receive.c(160): warning:  #1035-D: single-precision operand implicitly converted to double-precision
                 yaw_motor[1].para.pos+=12.5;                             
..\application\CAN_receive.c(163): warning:  #1035-D: single-precision operand implicitly converted to double-precision
                 motor_chassis[4].ecd=yaw_motor[1].para.pos*8192/6.25;
..\application\CAN_receive.c(72): warning:  #177-D: variable "yaw_can_send_data"  was declared but never referenced
  static uint8_t              yaw_can_send_data[8];
..\application\CAN_receive.c: 7 warnings, 0 errors
compiling referee_usart_task.c...
compiling BMI088Middleware.c...
compiling AHRS_middleware.c...
compiling ist8310driver_middleware.c...
compiling AutoGimbal.c...
AutoGimbal.c(51): warning:  #1035-D: single-precision operand implicitly converted to double-precision
          last_x = ctrl->x - yaw_motor->absolute_angle +0.02;
AutoGimbal.c(52): warning:  #1035-D: single-precision operand implicitly converted to double-precision
          last_y = ctrl->y - ((-pitch_motor->absolute_angle)-0.2759)*1.3492;
AutoGimbal.c(57): warning:  #1035-D: single-precision operand implicitly converted to double-precision
          ctrl->y = ctrl->y - ((-pitch_motor->absolute_angle)-0.2759)*1.3492;      //´ćÔÚµČ±ČŔý»»ËăąŘĎµ
AutoGimbal.c(137): warning:  #1-D: last line of file ends without a newline
  	
AutoGimbal.c: 4 warnings, 0 errors
compiling INS_task.c...
compiling test_task.c...
compiling CRC8_CRC16.c...
compiling servo_task.c...
compiling shoot.c...
..\application\shoot.c(89): warning:  #174-D: expression has no effect
      SHOOT_ON_KEYBOARD;
..\application\shoot.c: 1 warning, 0 errors
compiling chassis_task.c...
..\application\chassis_task.c(541): warning:  #1035-D: single-precision operand implicitly converted to double-precision
          fp32 new_angle = chassis_move_control->chassis_yaw_motor->relative_angle + k * new_wz; 
..\application\chassis_task.c(556): warning:  #177-D: variable "chassis_move_mode"  was declared but never referenced
  		const chassis_move_t *chassis_move_mode;
..\application\chassis_task.c(651): warning:  #1035-D: single-precision operand implicitly converted to double-precision
  	rad += PI/2.0;
..\application\chassis_task.c(606): warning:  #177-D: function "chassis_vector_to_mecanum_wheel_speed"  was declared but never referenced
  static void chassis_vector_to_mecanum_wheel_speed(const fp32 vx_set, const fp32 vy_set, const fp32 wz_set, fp32 wheel_speed[4])
..\application\chassis_task.c: 4 warnings, 0 errors
compiling ui.c...
compiling gimbal_task.c...
..\application\gimbal_task.c(975): warning:  #177-D: variable "bias_angle"  was declared but never referenced
      static fp32 bias_angle;
..\application\gimbal_task.c(1066): warning:  #1035-D: single-precision operand implicitly converted to double-precision
  	if(gimbal_motor->absolute_angle_set>0.5)
..\application\gimbal_task.c(1076): warning:  #1035-D: single-precision operand implicitly converted to double-precision
      angle_error = gimbal_motor->absolute_angle_set - (-(gimbal_motor->absolute_angle)*1.09756+0.064);
..\application\gimbal_task.c(1188): warning:  #1035-D: single-precision operand implicitly converted to double-precision
  	if(gimbal_motor->absolute_angle_set>0.22)
..\application\gimbal_task.c(1198): warning:  #1035-D: single-precision operand implicitly converted to double-precision
      angle_error = gimbal_motor->absolute_angle_set - (-(gimbal_motor->absolute_angle)*1.09756+0.064);
..\application\gimbal_task.c(939): warning:  #177-D: function "gimbal_auto_angle_limit"  was declared but never referenced
  static void gimbal_auto_angle_limit(gimbal_motor_t *gimbal_motor, fp32 add)  //ÓĐĎŢÎ»
..\application\gimbal_task.c(1360): warning:  #177-D: function "gimbal2_PID_calc"  was declared but never referenced
  static fp32 gimbal2_PID_calc(gimbal_PID_t *pid, fp32 get, fp32 set, fp32 error_delta)
..\application\gimbal_task.c(216): warning:  #177-D: variable "pitch_can_set_current"  was declared but never referenced
  static int16_t  pitch_can_set_current = 0, shoot_can_set_current = 0;
..\application\gimbal_task.c(216): warning:  #177-D: variable "shoot_can_set_current"  was declared but never referenced
  static int16_t  pitch_can_set_current = 0, shoot_can_set_current = 0;
..\application\gimbal_task.c: 9 warnings, 0 errors
compiling gimbal_behaviour.c...
..\application\gimbal_behaviour.c(747): warning:  #177-D: variable "yaw_channel"  was declared but never referenced
      static int16_t yaw_channel = 0, pitch_channel = 0;
..\application\gimbal_behaviour.c(747): warning:  #177-D: variable "pitch_channel"  was declared but never referenced
      static int16_t yaw_channel = 0, pitch_channel = 0;
..\application\gimbal_behaviour.c(812): warning:  #177-D: variable "yaw_channel"  was declared but never referenced
      static int16_t yaw_channel = 0, pitch_channel = 0;
..\application\gimbal_behaviour.c(812): warning:  #177-D: variable "pitch_channel"  was declared but never referenced
      static int16_t yaw_channel = 0, pitch_channel = 0;
..\application\gimbal_behaviour.c(168): warning:  #177-D: function "gimbal_auto_angle_control"  was declared but never referenced
  static void gimbal_auto_angle_control(fp32 *yaw, fp32 *pitch, gimbal_control_t *gimbal_control_set,c_fbpara_t  *chassis_transmit);
..\application\gimbal_behaviour.c(650): warning:  #177-D: function "gimbal_init_control"  was declared but never referenced
  static void gimbal_init_control(fp32 *yaw, fp32 *pitch, gimbal_control_t *gimbal_control_set)
..\application\gimbal_behaviour.c(678): warning:  #177-D: function "gimbal_cali_control"  was declared but never referenced
  static void gimbal_cali_control(fp32 *yaw, fp32 *pitch, gimbal_control_t *gimbal_control_set)
..\application\gimbal_behaviour.c: 7 warnings, 0 errors
compiling fifo.c...
compiling mem_mang4.c...
compiling pid.c...
compiling event_groups.c...
compiling croutine.c...
compiling list.c...
compiling stream_buffer.c...
compiling queue.c...
compiling tasks.c...
compiling stm32f4xx_hal_pcd.c...
compiling stm32f4xx_hal_pcd_ex.c...
compiling timers.c...
compiling heap_4.c...
compiling cmsis_os.c...
compiling port.c...
compiling stm32f4xx_ll_usb.c...
compiling stm32f4xx_hal_rcc.c...
compiling stm32f4xx_hal_rcc_ex.c...
compiling stm32f4xx_hal_flash_ramfunc.c...
compiling stm32f4xx_hal_flash_ex.c...
compiling stm32f4xx_hal_gpio.c...
compiling stm32f4xx_hal_cortex.c...
compiling stm32f4xx_hal_dma.c...
compiling stm32f4xx_hal_pwr_ex.c...
compiling stm32f4xx_hal_flash.c...
compiling stm32f4xx_hal_dma_ex.c...
compiling stm32f4xx_hal_exti.c...
compiling stm32f4xx_hal_pwr.c...
compiling stm32f4xx_hal_adc_ex.c...
compiling stm32f4xx_hal_crc.c...
compiling stm32f4xx_hal_rtc.c...
compiling stm32f4xx_hal_i2c_ex.c...
compiling stm32f4xx_hal_rng.c...
compiling stm32f4xx_hal.c...
compiling stm32f4xx_hal_can.c...
compiling stm32f4xx_hal_rtc_ex.c...
compiling stm32f4xx_hal_tim_ex.c...
compiling stm32f4xx_hal_adc.c...
compiling stm32f4xx_hal_uart.c...
compiling stm32f4xx_hal_spi.c...
compiling stm32f4xx_hal_tim.c...
compiling stm32f4xx_hal_i2c.c...
compiling usbd_core.c...
compiling usbd_ctlreq.c...
compiling usbd_ioreq.c...
compiling usbd_cdc.c...
"standard_tpye_c\standard_tpye_c.axf" - 3 Error(s), 37 Warning(s).
Target not created.
Build Time Elapsed:  00:00:14
